[debug] [2024-04-21T06:27:24.433Z] ----------------------------------------------------------------------
[debug] [2024-04-21T06:27:24.437Z] Command:       /usr/local/bin/node /usr/local/bin/firebase deploy
[debug] [2024-04-21T06:27:24.438Z] CLI Version:   13.7.2
[debug] [2024-04-21T06:27:24.438Z] Platform:      linux
[debug] [2024-04-21T06:27:24.438Z] Node Version:  v20.9.0
[debug] [2024-04-21T06:27:24.438Z] Time:          Sun Apr 21 2024 07:27:24 GMT+0100 (GMT+01:00)
[debug] [2024-04-21T06:27:24.438Z] ----------------------------------------------------------------------
[debug] 
[debug] [2024-04-21T06:27:24.443Z] >>> [apiv2][query] GET https://firebase-public.firebaseio.com/cli.json [none]
[debug] [2024-04-21T06:27:24.624Z] > command requires scopes: ["email","openid","https://www.googleapis.com/auth/cloudplatformprojects.readonly","https://www.googleapis.com/auth/firebase","https://www.googleapis.com/auth/cloud-platform"]
[debug] [2024-04-21T06:27:24.625Z] > authorizing via signed-in user (blaeralixsa@gmail.com)
[debug] [2024-04-21T06:27:24.625Z] [iam] checking project rolex-d5e36 for permissions ["firebase.projects.get","firebasehosting.sites.update"]
[debug] [2024-04-21T06:27:24.626Z] > refreshing access token with scopes: []
[debug] [2024-04-21T06:27:24.628Z] >>> [apiv2][query] POST https://www.googleapis.com/oauth2/v3/token [none]
[debug] [2024-04-21T06:27:24.629Z] >>> [apiv2][body] POST https://www.googleapis.com/oauth2/v3/token [omitted]
[debug] [2024-04-21T06:27:24.875Z] <<< [apiv2][status] POST https://www.googleapis.com/oauth2/v3/token 200
[debug] [2024-04-21T06:27:24.876Z] <<< [apiv2][body] POST https://www.googleapis.com/oauth2/v3/token [omitted]
[debug] [2024-04-21T06:27:25.015Z] >>> [apiv2][query] POST https://cloudresourcemanager.googleapis.com/v1/projects/rolex-d5e36:testIamPermissions [none]
[debug] [2024-04-21T06:27:25.016Z] >>> [apiv2][(partial)header] POST https://cloudresourcemanager.googleapis.com/v1/projects/rolex-d5e36:testIamPermissions x-goog-quota-user=projects/rolex-d5e36
[debug] [2024-04-21T06:27:25.017Z] >>> [apiv2][body] POST https://cloudresourcemanager.googleapis.com/v1/projects/rolex-d5e36:testIamPermissions {"permissions":["firebase.projects.get","firebasehosting.sites.update"]}
[debug] [2024-04-21T06:27:25.027Z] <<< [apiv2][status] GET https://firebase-public.firebaseio.com/cli.json 200
[debug] [2024-04-21T06:27:25.028Z] <<< [apiv2][body] GET https://firebase-public.firebaseio.com/cli.json {"cloudBuildErrorAfter":1594252800000,"cloudBuildWarnAfter":1590019200000,"defaultNode10After":1594252800000,"minVersion":"3.0.5","node8DeploysDisabledAfter":1613390400000,"node8RuntimeDisabledAfter":1615809600000,"node8WarnAfter":1600128000000}
[debug] [2024-04-21T06:27:26.009Z] <<< [apiv2][status] POST https://cloudresourcemanager.googleapis.com/v1/projects/rolex-d5e36:testIamPermissions 200
[debug] [2024-04-21T06:27:26.010Z] <<< [apiv2][body] POST https://cloudresourcemanager.googleapis.com/v1/projects/rolex-d5e36:testIamPermissions {}
[debug] [2024-04-21T06:27:26.011Z] [iam] error while checking permissions, command may fail: FirebaseError: Authorization failed. This account is missing the following required permissions on project rolex-d5e36:

  firebase.projects.get
  firebasehosting.sites.update
[debug] [2024-04-21T06:27:26.014Z] >>> [apiv2][query] GET https://firebase.googleapis.com/v1beta1/projects/rolex-d5e36 [none]
[debug] [2024-04-21T06:27:26.339Z] <<< [apiv2][status] GET https://firebase.googleapis.com/v1beta1/projects/rolex-d5e36 403
[debug] [2024-04-21T06:27:26.340Z] <<< [apiv2][body] GET https://firebase.googleapis.com/v1beta1/projects/rolex-d5e36 {"error":{"code":403,"message":"The caller does not have permission","status":"PERMISSION_DENIED"}}
[debug] [2024-04-21T06:27:26.344Z] HTTP Error: 403, The caller does not have permission
[error] 
[error] Error: Assertion failed: resolving hosting target of a site with no site name or target name. This should have caused an error earlier
